[10-Sep-2024 23:51:06 Asia/Kolkata] It's running this code Navod@1232.co, 1234
[10-Sep-2024 23:51:06 Asia/Kolkata] PHP Fatal error:  Uncaught PDOException: SQLSTATE[23000]: Integrity constraint violation: 1062 Duplicate entry '0' for key 'PRIMARY' in C:\xampp\htdocs\BlissfulBeginnings\core\Database.php:68
Stack trace:
#0 C:\xampp\htdocs\BlissfulBeginnings\core\Database.php(68): PDOStatement->execute()
#1 C:\xampp\htdocs\BlissfulBeginnings\models\User.php(23): Database->execute()
#2 C:\xampp\htdocs\BlissfulBeginnings\controllers\AuthController.php(43): User->createUser('Navod@1232.co', '$2y$10$qnAYcyPW...')
#3 C:\xampp\htdocs\BlissfulBeginnings\core\Router.php(74): AuthController->register()
#4 C:\xampp\htdocs\BlissfulBeginnings\index.php(39): Router->route('POST', '/register')
#5 {main}
  thrown in C:\xampp\htdocs\BlissfulBeginnings\core\Database.php on line 68
[10-Sep-2024 23:55:30 Asia/Kolkata] It's running this code Navod@1232.co, 1234
[10-Sep-2024 23:55:30 Asia/Kolkata] PHP Fatal error:  Uncaught PDOException: SQLSTATE[42S02]: Base table or view not found: 1146 Table 'blissful_beginnings.users' doesn't exist in C:\xampp\htdocs\BlissfulBeginnings\core\Database.php:68
Stack trace:
#0 C:\xampp\htdocs\BlissfulBeginnings\core\Database.php(68): PDOStatement->execute()
#1 C:\xampp\htdocs\BlissfulBeginnings\models\User.php(15): Database->execute()
#2 C:\xampp\htdocs\BlissfulBeginnings\controllers\AuthController.php(33): User->emailExists('Navod@1232.co')
#3 C:\xampp\htdocs\BlissfulBeginnings\core\Router.php(74): AuthController->register()
#4 C:\xampp\htdocs\BlissfulBeginnings\index.php(39): Router->route('POST', '/register')
#5 {main}
  thrown in C:\xampp\htdocs\BlissfulBeginnings\core\Database.php on line 68
[10-Sep-2024 23:58:11 Asia/Kolkata] It's running this code Navod@1232.co, 1234
