[03-Oct-2024 13:43:34 Asia/Kolkata] Exception: Transaction failed: SQLSTATE[42000]: Syntax error or access violation: 1305 FUNCTION blissful_beginnings.UUID_TO_BIN does not exist in C:\xampp\htdocs\BlissfulBeginnings\models\Wedding.php:40
Stack trace:
#0 C:\xampp\htdocs\BlissfulBeginnings\controllers\WeddingController.php(28): Wedding->createWedding(Array, Array, Array)
#1 C:\xampp\htdocs\BlissfulBeginnings\core\Router.php(74): WeddingController->newWedding()
#2 C:\xampp\htdocs\BlissfulBeginnings\index.php(37): Router->route('POST', '/wedding-detail...')
#3 {main}
[03-Oct-2024 13:46:12 Asia/Kolkata] PHP Deprecated:  PDO::prepare(): Passing null to parameter #1 ($query) of type string is deprecated in C:\xampp\htdocs\BlissfulBeginnings\core\Database.php on line 43
[03-Oct-2024 13:46:12 Asia/Kolkata] PHP Fatal error:  Uncaught ValueError: PDO::prepare(): Argument #1 ($query) cannot be empty in C:\xampp\htdocs\BlissfulBeginnings\core\Database.php:43
Stack trace:
#0 C:\xampp\htdocs\BlissfulBeginnings\core\Database.php(43): PDO->prepare('')
#1 C:\xampp\htdocs\BlissfulBeginnings\core\helpers.php(70): Database->query(NULL)
#2 C:\xampp\htdocs\BlissfulBeginnings\models\Wedding.php(19): generateUUID(Object(Database))
#3 C:\xampp\htdocs\BlissfulBeginnings\controllers\WeddingController.php(28): Wedding->createWedding(Array, Array, Array)
#4 C:\xampp\htdocs\BlissfulBeginnings\core\Router.php(74): WeddingController->newWedding()
#5 C:\xampp\htdocs\BlissfulBeginnings\index.php(37): Router->route('POST', '/wedding-detail...')
#6 {main}
  thrown in C:\xampp\htdocs\BlissfulBeginnings\core\Database.php on line 43
[03-Oct-2024 13:48:43 Asia/Kolkata] Exception: Transaction failed: SQLSTATE[42000]: Syntax error or access violation: 1305 FUNCTION blissful_beginnings.UUID_TO_BIN does not exist in C:\xampp\htdocs\BlissfulBeginnings\models\Wedding.php:40
Stack trace:
#0 C:\xampp\htdocs\BlissfulBeginnings\controllers\WeddingController.php(28): Wedding->createWedding(Array, Array, Array)
#1 C:\xampp\htdocs\BlissfulBeginnings\core\Router.php(74): WeddingController->newWedding()
#2 C:\xampp\htdocs\BlissfulBeginnings\index.php(37): Router->route('POST', '/wedding-detail...')
#3 {main}
[03-Oct-2024 23:29:44 Asia/Kolkata] WeddingID: 45a45e9c81b111efb059cc153136262a
[03-Oct-2024 23:29:44 Asia/Kolkata] string
[03-Oct-2024 23:29:44 Asia/Kolkata] Exception: Transaction failed: SQLSTATE[42S22]: Column not found: 1054 Unknown column '45a45e9c81b111efb059cc153136262a' in 'field list' in C:\xampp\htdocs\BlissfulBeginnings\models\Wedding.php:39
Stack trace:
#0 C:\xampp\htdocs\BlissfulBeginnings\controllers\WeddingController.php(28): Wedding->createWedding(Array, Array, Array)
#1 C:\xampp\htdocs\BlissfulBeginnings\core\Router.php(74): WeddingController->newWedding()
#2 C:\xampp\htdocs\BlissfulBeginnings\index.php(37): Router->route('POST', '/wedding-detail...')
#3 {main}
[03-Oct-2024 23:31:58 Asia/Kolkata] WeddingID: 95416a3181b111efb059cc153136262a
[03-Oct-2024 23:31:58 Asia/Kolkata] string
[03-Oct-2024 23:31:58 Asia/Kolkata] Exception: Transaction failed: SQLSTATE[42S22]: Column not found: 1054 Unknown column '95416a3181b111efb059cc153136262a' in 'field list' in C:\xampp\htdocs\BlissfulBeginnings\models\Wedding.php:39
Stack trace:
#0 C:\xampp\htdocs\BlissfulBeginnings\controllers\WeddingController.php(28): Wedding->createWedding(Array, Array, Array)
#1 C:\xampp\htdocs\BlissfulBeginnings\core\Router.php(74): WeddingController->newWedding()
#2 C:\xampp\htdocs\BlissfulBeginnings\index.php(37): Router->route('POST', '/wedding-detail...')
#3 {main}
[03-Oct-2024 23:32:39 Asia/Kolkata] WeddingID: ad89206a81b111efb059cc153136262a
[03-Oct-2024 23:32:39 Asia/Kolkata] string
[03-Oct-2024 23:32:39 Asia/Kolkata] Exception: Transaction failed: SQLSTATE[42S22]: Column not found: 1054 Unknown column 'ad89206a81b111efb059cc153136262a' in 'field list' in C:\xampp\htdocs\BlissfulBeginnings\models\Wedding.php:39
Stack trace:
#0 C:\xampp\htdocs\BlissfulBeginnings\controllers\WeddingController.php(28): Wedding->createWedding(Array, Array, Array)
#1 C:\xampp\htdocs\BlissfulBeginnings\core\Router.php(74): WeddingController->newWedding()
#2 C:\xampp\htdocs\BlissfulBeginnings\index.php(37): Router->route('POST', '/wedding-detail...')
#3 {main}
[03-Oct-2024 23:33:41 Asia/Kolkata] WeddingID: d26ccbc081b111efb059cc153136262a
[03-Oct-2024 23:33:41 Asia/Kolkata] Exception: Transaction failed: SQLSTATE[42S22]: Column not found: 1054 Unknown column 'd26ccbc081b111efb059cc153136262a' in 'field list' in C:\xampp\htdocs\BlissfulBeginnings\models\Wedding.php:39
Stack trace:
#0 C:\xampp\htdocs\BlissfulBeginnings\controllers\WeddingController.php(28): Wedding->createWedding(Array, Array, Array)
#1 C:\xampp\htdocs\BlissfulBeginnings\core\Router.php(74): WeddingController->newWedding()
#2 C:\xampp\htdocs\BlissfulBeginnings\index.php(37): Router->route('POST', '/wedding-detail...')
#3 {main}
[03-Oct-2024 23:35:38 Asia/Kolkata] WeddingID: 1851529b81b211efb059cc153136262a
[03-Oct-2024 23:35:38 Asia/Kolkata] string
[03-Oct-2024 23:35:38 Asia/Kolkata] WeddingID: 1851c07f81b211efb059cc153136262a
[03-Oct-2024 23:35:38 Asia/Kolkata] Exception: Transaction failed: SQLSTATE[42S22]: Column not found: 1054 Unknown column '1851c07f81b211efb059cc153136262a' in 'field list' in C:\xampp\htdocs\BlissfulBeginnings\models\Wedding.php:40
Stack trace:
#0 C:\xampp\htdocs\BlissfulBeginnings\controllers\WeddingController.php(28): Wedding->createWedding(Array, Array, Array)
#1 C:\xampp\htdocs\BlissfulBeginnings\core\Router.php(74): WeddingController->newWedding()
#2 C:\xampp\htdocs\BlissfulBeginnings\index.php(37): Router->route('POST', '/wedding-detail...')
#3 {main}
[03-Oct-2024 23:38:10 Asia/Kolkata] WeddingID: 72eeeb4081b211efb059cc153136262a
[03-Oct-2024 23:38:10 Asia/Kolkata] string
[03-Oct-2024 23:38:10 Asia/Kolkata] WeddingID: 72f0e7f381b211efb059cc153136262a
[03-Oct-2024 23:38:10 Asia/Kolkata] PHP Warning:  Array to string conversion in C:\xampp\htdocs\BlissfulBeginnings\core\Database.php on line 63
[03-Oct-2024 23:38:10 Asia/Kolkata] WeddingID: 72f10cf781b211efb059cc153136262a
[03-Oct-2024 23:38:10 Asia/Kolkata] PHP Warning:  Array to string conversion in C:\xampp\htdocs\BlissfulBeginnings\core\Database.php on line 63
[03-Oct-2024 23:38:10 Asia/Kolkata] Exception: Transaction failed: SQLSTATE[42S22]: Column not found: 1054 Unknown column '72eeeb4081b211efb059cc153136262a' in 'field list' in C:\xampp\htdocs\BlissfulBeginnings\models\Wedding.php:40
Stack trace:
#0 C:\xampp\htdocs\BlissfulBeginnings\controllers\WeddingController.php(28): Wedding->createWedding(Array, Array, Array)
#1 C:\xampp\htdocs\BlissfulBeginnings\core\Router.php(74): WeddingController->newWedding()
#2 C:\xampp\htdocs\BlissfulBeginnings\index.php(37): Router->route('POST', '/wedding-detail...')
#3 {main}
[03-Oct-2024 23:41:23 Asia/Kolkata] WeddingID: e5ebf75481b211efb059cc153136262a
[03-Oct-2024 23:41:23 Asia/Kolkata] string
[03-Oct-2024 23:41:23 Asia/Kolkata] WeddingID: e5eddf1181b211efb059cc153136262a
[03-Oct-2024 23:41:23 Asia/Kolkata] PHP Warning:  Array to string conversion in C:\xampp\htdocs\BlissfulBeginnings\core\Database.php on line 63
[03-Oct-2024 23:41:23 Asia/Kolkata] WeddingID: e5ee013881b211efb059cc153136262a
[03-Oct-2024 23:41:23 Asia/Kolkata] PHP Warning:  Array to string conversion in C:\xampp\htdocs\BlissfulBeginnings\core\Database.php on line 63
[03-Oct-2024 23:41:23 Asia/Kolkata] Exception: Transaction failed: SQLSTATE[42S22]: Column not found: 1054 Unknown column 'e5ebf75481b211efb059cc153136262a' in 'field list' in C:\xampp\htdocs\BlissfulBeginnings\models\Wedding.php:40
Stack trace:
#0 C:\xampp\htdocs\BlissfulBeginnings\controllers\WeddingController.php(28): Wedding->createWedding(Array, Array, Array)
#1 C:\xampp\htdocs\BlissfulBeginnings\core\Router.php(74): WeddingController->newWedding()
#2 C:\xampp\htdocs\BlissfulBeginnings\index.php(37): Router->route('POST', '/wedding-detail...')
#3 {main}
[03-Oct-2024 23:42:09 Asia/Kolkata] WeddingID: 0175543f81b311efb059cc153136262a
[03-Oct-2024 23:42:09 Asia/Kolkata] string
[03-Oct-2024 23:42:09 Asia/Kolkata] WeddingID: 0177354a81b311efb059cc153136262a
[03-Oct-2024 23:42:09 Asia/Kolkata] PHP Warning:  Array to string conversion in C:\xampp\htdocs\BlissfulBeginnings\core\Database.php on line 63
[03-Oct-2024 23:42:09 Asia/Kolkata] WeddingID: 017750a081b311efb059cc153136262a
[03-Oct-2024 23:42:09 Asia/Kolkata] PHP Warning:  Array to string conversion in C:\xampp\htdocs\BlissfulBeginnings\core\Database.php on line 63
[03-Oct-2024 23:42:09 Asia/Kolkata] Exception: Transaction failed: SQLSTATE[42S22]: Column not found: 1054 Unknown column '0175543f81b311efb059cc153136262a' in 'field list' in C:\xampp\htdocs\BlissfulBeginnings\models\Wedding.php:40
Stack trace:
#0 C:\xampp\htdocs\BlissfulBeginnings\controllers\WeddingController.php(28): Wedding->createWedding(Array, Array, Array)
#1 C:\xampp\htdocs\BlissfulBeginnings\core\Router.php(74): WeddingController->newWedding()
#2 C:\xampp\htdocs\BlissfulBeginnings\index.php(37): Router->route('POST', '/wedding-detail...')
#3 {main}
[03-Oct-2024 23:47:41 Asia/Kolkata] WeddingID: c72a384481b311efb059cc153136262a
[03-Oct-2024 23:47:41 Asia/Kolkata] string
[03-Oct-2024 23:47:41 Asia/Kolkata] WeddingID: c72a818581b311efb059cc153136262a
[03-Oct-2024 23:47:41 Asia/Kolkata] PHP Warning:  Array to string conversion in C:\xampp\htdocs\BlissfulBeginnings\core\Database.php on line 63
[03-Oct-2024 23:47:41 Asia/Kolkata] WeddingID: c72ab4d681b311efb059cc153136262a
[03-Oct-2024 23:47:41 Asia/Kolkata] PHP Warning:  Array to string conversion in C:\xampp\htdocs\BlissfulBeginnings\core\Database.php on line 63
[03-Oct-2024 23:47:41 Asia/Kolkata] Inserted a Wedding successfuly
[03-Oct-2024 23:49:12 Asia/Kolkata] WeddingID: fdd5f8f781b311efb059cc153136262a
[03-Oct-2024 23:49:12 Asia/Kolkata] string
[03-Oct-2024 23:49:12 Asia/Kolkata] WeddingID: fdd7d41081b311efb059cc153136262a
[03-Oct-2024 23:49:12 Asia/Kolkata] PHP Warning:  Array to string conversion in C:\xampp\htdocs\BlissfulBeginnings\core\Database.php on line 63
[03-Oct-2024 23:49:12 Asia/Kolkata] WeddingID: fdd81fe981b311efb059cc153136262a
[03-Oct-2024 23:49:12 Asia/Kolkata] PHP Warning:  Array to string conversion in C:\xampp\htdocs\BlissfulBeginnings\core\Database.php on line 63
[03-Oct-2024 23:49:12 Asia/Kolkata] Inserted a Wedding successfuly
[03-Oct-2024 23:49:33 Asia/Kolkata] WeddingID: 09d4120581b411efb059cc153136262a
[03-Oct-2024 23:49:33 Asia/Kolkata] string
[03-Oct-2024 23:49:33 Asia/Kolkata] WeddingID: 09d5f65281b411efb059cc153136262a
[03-Oct-2024 23:49:33 Asia/Kolkata] PHP Warning:  Array to string conversion in C:\xampp\htdocs\BlissfulBeginnings\core\Database.php on line 63
[03-Oct-2024 23:49:33 Asia/Kolkata] WeddingID: 09d6189181b411efb059cc153136262a
[03-Oct-2024 23:49:33 Asia/Kolkata] PHP Warning:  Array to string conversion in C:\xampp\htdocs\BlissfulBeginnings\core\Database.php on line 63
[03-Oct-2024 23:49:33 Asia/Kolkata] Inserted a Wedding successfuly
[04-Oct-2024 07:46:52 Asia/Kolkata] WeddingID: bcbec5b781f611efb059cc153136262a
[04-Oct-2024 07:46:52 Asia/Kolkata] string
[04-Oct-2024 07:46:52 Asia/Kolkata] WeddingID: bcbf2eb981f611efb059cc153136262a
[04-Oct-2024 07:46:52 Asia/Kolkata] PHP Warning:  Array to string conversion in C:\xampp\htdocs\BlissfulBeginnings\core\Database.php on line 63
[04-Oct-2024 07:46:52 Asia/Kolkata] WeddingID: bcbf6cf481f611efb059cc153136262a
[04-Oct-2024 07:46:52 Asia/Kolkata] PHP Warning:  Array to string conversion in C:\xampp\htdocs\BlissfulBeginnings\core\Database.php on line 63
[04-Oct-2024 07:46:52 Asia/Kolkata] Inserted a Wedding successfuly
[04-Oct-2024 09:46:30 Asia/Kolkata] WeddingID: 737a200d820711efb059cc153136262a
[04-Oct-2024 09:46:30 Asia/Kolkata] string
[04-Oct-2024 09:46:30 Asia/Kolkata] WeddingID: 737ab8d9820711efb059cc153136262a
[04-Oct-2024 09:46:30 Asia/Kolkata] PHP Warning:  Array to string conversion in C:\xampp\htdocs\BlissfulBeginnings\core\Database.php on line 63
[04-Oct-2024 09:46:30 Asia/Kolkata] WeddingID: 737aec4b820711efb059cc153136262a
[04-Oct-2024 09:46:30 Asia/Kolkata] PHP Warning:  Array to string conversion in C:\xampp\htdocs\BlissfulBeginnings\core\Database.php on line 63
[04-Oct-2024 09:46:30 Asia/Kolkata] Inserted a Wedding successfuly
[04-Oct-2024 09:48:07 Asia/Kolkata] WeddingID: ad48d4d6820711efb059cc153136262a
[04-Oct-2024 09:48:07 Asia/Kolkata] string
[04-Oct-2024 09:48:07 Asia/Kolkata] WeddingID: ad492162820711efb059cc153136262a
[04-Oct-2024 09:48:07 Asia/Kolkata] PHP Warning:  Array to string conversion in C:\xampp\htdocs\BlissfulBeginnings\core\Database.php on line 63
[04-Oct-2024 09:48:07 Asia/Kolkata] WeddingID: ad49c499820711efb059cc153136262a
[04-Oct-2024 09:48:07 Asia/Kolkata] PHP Warning:  Array to string conversion in C:\xampp\htdocs\BlissfulBeginnings\core\Database.php on line 63
[04-Oct-2024 09:48:07 Asia/Kolkata] Inserted a Wedding successfuly
[04-Oct-2024 09:56:57 Asia/Kolkata] WeddingID: e937eb6d820811efb059cc153136262a
[04-Oct-2024 09:56:57 Asia/Kolkata] e937eb6d820811efb059cc153136262a
[04-Oct-2024 09:56:57 Asia/Kolkata] 0
[04-Oct-2024 09:56:57 Asia/Kolkata] 2024-10-10
[04-Oct-2024 09:56:57 Asia/Kolkata] asdf
[04-Oct-2024 09:56:57 Asia/Kolkata] adfa
[04-Oct-2024 09:56:57 Asia/Kolkata] adsf
[04-Oct-2024 09:56:57 Asia/Kolkata] 1
[04-Oct-2024 09:56:57 Asia/Kolkata] 
[04-Oct-2024 09:56:57 Asia/Kolkata] string
[04-Oct-2024 09:56:57 Asia/Kolkata] WeddingID: e938a242820811efb059cc153136262a
[04-Oct-2024 09:56:57 Asia/Kolkata] e938a242820811efb059cc153136262a
[04-Oct-2024 09:56:57 Asia/Kolkata] PHP Fatal error:  Uncaught TypeError: error_log(): Argument #1 ($message) must be of type string, array given in C:\xampp\htdocs\BlissfulBeginnings\core\Database.php:63
Stack trace:
#0 C:\xampp\htdocs\BlissfulBeginnings\core\Database.php(63): error_log(Array)
#1 C:\xampp\htdocs\BlissfulBeginnings\models\Wedding.php(49): Database->bind(':name', Array)
#2 C:\xampp\htdocs\BlissfulBeginnings\models\Wedding.php(33): Wedding->createPerson(Array, 'Female', 'e937eb6d820811e...')
#3 C:\xampp\htdocs\BlissfulBeginnings\controllers\WeddingController.php(28): Wedding->createWedding(Array, Array, Array)
#4 C:\xampp\htdocs\BlissfulBeginnings\core\Router.php(74): WeddingController->newWedding()
#5 C:\xampp\htdocs\BlissfulBeginnings\index.php(37): Router->route('POST', '/wedding-detail...')
#6 {main}
  thrown in C:\xampp\htdocs\BlissfulBeginnings\core\Database.php on line 63
[04-Oct-2024 09:57:27 Asia/Kolkata] WeddingID: fad4fb66820811efb059cc153136262a
[04-Oct-2024 09:57:27 Asia/Kolkata] PHP Fatal error:  Uncaught Error: Call to undefined function type() in C:\xampp\htdocs\BlissfulBeginnings\core\Database.php:63
Stack trace:
#0 C:\xampp\htdocs\BlissfulBeginnings\models\Wedding.php(22): Database->bind(':weddingID', 'fad4fb66820811e...', 3)
#1 C:\xampp\htdocs\BlissfulBeginnings\controllers\WeddingController.php(28): Wedding->createWedding(Array, Array, Array)
#2 C:\xampp\htdocs\BlissfulBeginnings\core\Router.php(74): WeddingController->newWedding()
#3 C:\xampp\htdocs\BlissfulBeginnings\index.php(37): Router->route('POST', '/wedding-detail...')
#4 {main}
  thrown in C:\xampp\htdocs\BlissfulBeginnings\core\Database.php on line 63
[04-Oct-2024 09:58:33 Asia/Kolkata] WeddingID: 2262dd98820911efb059cc153136262a
[04-Oct-2024 09:58:33 Asia/Kolkata] PHP Fatal error:  Uncaught Error: Call to undefined function type_of() in C:\xampp\htdocs\BlissfulBeginnings\core\Database.php:63
Stack trace:
#0 C:\xampp\htdocs\BlissfulBeginnings\models\Wedding.php(22): Database->bind(':weddingID', '2262dd98820911e...', 3)
#1 C:\xampp\htdocs\BlissfulBeginnings\controllers\WeddingController.php(28): Wedding->createWedding(Array, Array, Array)
#2 C:\xampp\htdocs\BlissfulBeginnings\core\Router.php(74): WeddingController->newWedding()
#3 C:\xampp\htdocs\BlissfulBeginnings\index.php(37): Router->route('POST', '/wedding-detail...')
#4 {main}
  thrown in C:\xampp\htdocs\BlissfulBeginnings\core\Database.php on line 63
[04-Oct-2024 10:01:10 Asia/Kolkata] WeddingID: 80131bcc820911efb059cc153136262a
[04-Oct-2024 10:01:10 Asia/Kolkata] string
[04-Oct-2024 10:01:10 Asia/Kolkata] WeddingID: 80150a45820911efb059cc153136262a
[04-Oct-2024 10:01:10 Asia/Kolkata] PHP Warning:  Array to string conversion in C:\xampp\htdocs\BlissfulBeginnings\core\Database.php on line 64
[04-Oct-2024 10:01:10 Asia/Kolkata] WeddingID: 801540f4820911efb059cc153136262a
[04-Oct-2024 10:01:10 Asia/Kolkata] PHP Warning:  Array to string conversion in C:\xampp\htdocs\BlissfulBeginnings\core\Database.php on line 64
[04-Oct-2024 10:01:10 Asia/Kolkata] Inserted a Wedding successfuly
[04-Oct-2024 10:02:39 Asia/Kolkata] WeddingID: b4b73917820911efb059cc153136262a
[04-Oct-2024 10:02:39 Asia/Kolkata] string
[04-Oct-2024 10:02:39 Asia/Kolkata] WeddingID: b4b788ce820911efb059cc153136262a
[04-Oct-2024 10:02:39 Asia/Kolkata] WeddingID: b4b7e5e6820911efb059cc153136262a
[04-Oct-2024 10:02:39 Asia/Kolkata] Inserted a Wedding successfuly
[04-Oct-2024 10:03:12 Asia/Kolkata] WeddingID: c853aedd820911efb059cc153136262a
[04-Oct-2024 10:03:12 Asia/Kolkata] string
[04-Oct-2024 10:03:12 Asia/Kolkata] WeddingID: c8559587820911efb059cc153136262a
[04-Oct-2024 10:03:12 Asia/Kolkata] WeddingID: c855b2e6820911efb059cc153136262a
[04-Oct-2024 10:03:12 Asia/Kolkata] Inserted a Wedding successfuly
[05-Oct-2024 01:22:23 Asia/Kolkata] PHP Fatal error:  Uncaught Error: Call to undefined method Router::fetch() in C:\xampp\htdocs\BlissfulBeginnings\config\Routes.php:17
Stack trace:
#0 C:\xampp\htdocs\BlissfulBeginnings\index.php(30): require()
#1 {main}
  thrown in C:\xampp\htdocs\BlissfulBeginnings\config\Routes.php on line 17
[05-Oct-2024 18:16:52 Asia/Kolkata] PHP Fatal error:  Uncaught Error: Call to undefined method Router::fetch() in C:\xampp\htdocs\BlissfulBeginnings\config\Routes.php:17
Stack trace:
#0 C:\xampp\htdocs\BlissfulBeginnings\index.php(30): require()
#1 {main}
  thrown in C:\xampp\htdocs\BlissfulBeginnings\config\Routes.php on line 17
[05-Oct-2024 19:04:02 Asia/Kolkata] PHP Fatal error:  Uncaught Error: Call to undefined method Router::fetch() in C:\xampp\htdocs\BlissfulBeginnings\config\Routes.php:17
Stack trace:
#0 C:\xampp\htdocs\BlissfulBeginnings\index.php(30): require()
#1 {main}
  thrown in C:\xampp\htdocs\BlissfulBeginnings\config\Routes.php on line 17
[05-Oct-2024 19:04:14 Asia/Kolkata] PHP Fatal error:  Uncaught Error: Call to undefined method Router::fetch() in C:\xampp\htdocs\BlissfulBeginnings\config\Routes.php:17
Stack trace:
#0 C:\xampp\htdocs\BlissfulBeginnings\index.php(30): require()
#1 {main}
  thrown in C:\xampp\htdocs\BlissfulBeginnings\config\Routes.php on line 17
[05-Oct-2024 19:04:14 Asia/Kolkata] PHP Fatal error:  Uncaught Error: Call to undefined method Router::fetch() in C:\xampp\htdocs\BlissfulBeginnings\config\Routes.php:17
Stack trace:
#0 C:\xampp\htdocs\BlissfulBeginnings\index.php(30): require()
#1 {main}
  thrown in C:\xampp\htdocs\BlissfulBeginnings\config\Routes.php on line 17
[05-Oct-2024 19:04:19 Asia/Kolkata] PHP Fatal error:  Uncaught Error: Call to undefined method Router::fetch() in C:\xampp\htdocs\BlissfulBeginnings\config\Routes.php:17
Stack trace:
#0 C:\xampp\htdocs\BlissfulBeginnings\index.php(30): require()
#1 {main}
  thrown in C:\xampp\htdocs\BlissfulBeginnings\config\Routes.php on line 17
[05-Oct-2024 19:04:19 Asia/Kolkata] PHP Fatal error:  Uncaught Error: Call to undefined method Router::fetch() in C:\xampp\htdocs\BlissfulBeginnings\config\Routes.php:17
Stack trace:
#0 C:\xampp\htdocs\BlissfulBeginnings\index.php(30): require()
#1 {main}
  thrown in C:\xampp\htdocs\BlissfulBeginnings\config\Routes.php on line 17
[05-Oct-2024 20:52:38 Asia/Kolkata] SQLSTATE[HY000] [2002] No connection could be made because the target machine actively refused it
[05-Oct-2024 20:52:51 Asia/Kolkata] SQLSTATE[HY000] [2002] No connection could be made because the target machine actively refused it
[05-Oct-2024 20:53:16 Asia/Kolkata] SQLSTATE[HY000] [2002] No connection could be made because the target machine actively refused it
[05-Oct-2024 20:53:23 Asia/Kolkata] SQLSTATE[HY000] [2002] No connection could be made because the target machine actively refused it
[05-Oct-2024 20:53:45 Asia/Kolkata] SQLSTATE[HY000] [2002] No connection could be made because the target machine actively refused it
[05-Oct-2024 20:54:07 Asia/Kolkata] SQLSTATE[HY000] [2002] No connection could be made because the target machine actively refused it
[15-Oct-2024 13:43:11 Asia/Kolkata] /signup
[15-Oct-2024 13:44:05 Asia/Kolkata] /reister
[15-Oct-2024 13:44:11 Asia/Kolkata] /register
[15-Oct-2024 13:44:29 Asia/Kolkata] /BlissfulBeginnings/register
[15-Oct-2024 13:44:29 Asia/Kolkata] WeddingID: 802041bd8acd11ef98e7cc153136262a
[15-Oct-2024 13:44:29 Asia/Kolkata] 802041bd8acd11ef98e7cc153136262a
[15-Oct-2024 13:44:29 Asia/Kolkata] PHP Fatal error:  Uncaught PDOException: SQLSTATE[42S22]: Column not found: 1054 Unknown column '802041bd8acd11ef98e7cc153136262a' in 'field list' in C:\xampp\htdocs\BlissfulBeginnings\core\Database.php:68
Stack trace:
#0 C:\xampp\htdocs\BlissfulBeginnings\core\Database.php(68): PDOStatement->execute()
#1 C:\xampp\htdocs\BlissfulBeginnings\models\User.php(29): Database->execute()
#2 C:\xampp\htdocs\BlissfulBeginnings\controllers\AuthController.php(45): User->createUser('123@abc.com', '$2y$10$aTTsfiGY...')
#3 C:\xampp\htdocs\BlissfulBeginnings\core\Router.php(74): AuthController->register(Array)
#4 C:\xampp\htdocs\BlissfulBeginnings\index.php(37): Router->route('POST', '/register')
#5 {main}
  thrown in C:\xampp\htdocs\BlissfulBeginnings\core\Database.php on line 68
[15-Oct-2024 13:45:44 Asia/Kolkata] /BlissfulBeginnings/register
[15-Oct-2024 13:45:44 Asia/Kolkata] WeddingID: acaecef28acd11ef98e7cc153136262a
[15-Oct-2024 13:45:44 Asia/Kolkata] acaecef28acd11ef98e7cc153136262a
[15-Oct-2024 13:45:44 Asia/Kolkata] PHP Fatal error:  Uncaught PDOException: SQLSTATE[42S22]: Column not found: 1054 Unknown column 'acaecef28acd11ef98e7cc153136262a' in 'field list' in C:\xampp\htdocs\BlissfulBeginnings\core\Database.php:68
Stack trace:
#0 C:\xampp\htdocs\BlissfulBeginnings\core\Database.php(68): PDOStatement->execute()
#1 C:\xampp\htdocs\BlissfulBeginnings\models\User.php(29): Database->execute()
#2 C:\xampp\htdocs\BlissfulBeginnings\controllers\AuthController.php(45): User->createUser('123@abc.com', '$2y$10$7TTnObqQ...')
#3 C:\xampp\htdocs\BlissfulBeginnings\core\Router.php(74): AuthController->register(Array)
#4 C:\xampp\htdocs\BlissfulBeginnings\index.php(37): Router->route('POST', '/register')
#5 {main}
  thrown in C:\xampp\htdocs\BlissfulBeginnings\core\Database.php on line 68
[15-Oct-2024 13:47:25 Asia/Kolkata] WeddingID: e92c07d58acd11ef98e7cc153136262a
[15-Oct-2024 13:47:25 Asia/Kolkata] e92c07d58acd11ef98e7cc153136262a
[15-Oct-2024 13:47:25 Asia/Kolkata] PHP Fatal error:  Uncaught PDOException: SQLSTATE[42S22]: Column not found: 1054 Unknown column 'e92c07d58acd11ef98e7cc153136262a' in 'field list' in C:\xampp\htdocs\BlissfulBeginnings\core\Database.php:68
Stack trace:
#0 C:\xampp\htdocs\BlissfulBeginnings\core\Database.php(68): PDOStatement->execute()
#1 C:\xampp\htdocs\BlissfulBeginnings\models\User.php(29): Database->execute()
#2 C:\xampp\htdocs\BlissfulBeginnings\controllers\AuthController.php(45): User->createUser('123@abc.com', '$2y$10$/ZtLpylh...')
#3 C:\xampp\htdocs\BlissfulBeginnings\core\Router.php(74): AuthController->register(Array)
#4 C:\xampp\htdocs\BlissfulBeginnings\index.php(37): Router->route('POST', '/register')
#5 {main}
  thrown in C:\xampp\htdocs\BlissfulBeginnings\core\Database.php on line 68
[15-Oct-2024 13:52:03 Asia/Kolkata] WeddingID: 8e9adbe78ace11ef98e7cc153136262a
[15-Oct-2024 13:52:03 Asia/Kolkata] 8e9adbe78ace11ef98e7cc153136262a
[15-Oct-2024 13:52:03 Asia/Kolkata] PHP Fatal error:  Uncaught PDOException: SQLSTATE[42000]: Syntax error or access violation: 1583 Incorrect parameters in the call to native function 'UNHEX' in C:\xampp\htdocs\BlissfulBeginnings\core\Database.php:68
Stack trace:
#0 C:\xampp\htdocs\BlissfulBeginnings\core\Database.php(68): PDOStatement->execute()
#1 C:\xampp\htdocs\BlissfulBeginnings\models\User.php(29): Database->execute()
#2 C:\xampp\htdocs\BlissfulBeginnings\controllers\AuthController.php(45): User->createUser('123@abc.com', '$2y$10$Pwu5wMC4...')
#3 C:\xampp\htdocs\BlissfulBeginnings\core\Router.php(74): AuthController->register(Array)
#4 C:\xampp\htdocs\BlissfulBeginnings\index.php(37): Router->route('POST', '/register')
#5 {main}
  thrown in C:\xampp\htdocs\BlissfulBeginnings\core\Database.php on line 68
[15-Oct-2024 14:00:32 Asia/Kolkata] WeddingID: be38569e8acf11ef98e7cc153136262a
[15-Oct-2024 14:00:32 Asia/Kolkata] string
[15-Oct-2024 14:00:32 Asia/Kolkata] PHP Fatal error:  Uncaught PDOException: SQLSTATE[42S22]: Column not found: 1054 Unknown column 'be38569e8acf11ef98e7cc153136262a' in 'field list' in C:\xampp\htdocs\BlissfulBeginnings\core\Database.php:68
Stack trace:
#0 C:\xampp\htdocs\BlissfulBeginnings\core\Database.php(68): PDOStatement->execute()
#1 C:\xampp\htdocs\BlissfulBeginnings\models\User.php(29): Database->execute()
#2 C:\xampp\htdocs\BlissfulBeginnings\controllers\AuthController.php(45): User->createUser('123@abc.com', '$2y$10$HtJdxSGM...')
#3 C:\xampp\htdocs\BlissfulBeginnings\core\Router.php(74): AuthController->register(Array)
#4 C:\xampp\htdocs\BlissfulBeginnings\index.php(37): Router->route('POST', '/register')
#5 {main}
  thrown in C:\xampp\htdocs\BlissfulBeginnings\core\Database.php on line 68
[15-Oct-2024 14:02:50 Asia/Kolkata] WeddingID: 1063967c8ad011ef98e7cc153136262a
[15-Oct-2024 14:02:50 Asia/Kolkata] string
[15-Oct-2024 14:02:50 Asia/Kolkata] PHP Fatal error:  Uncaught PDOException: SQLSTATE[42S22]: Column not found: 1054 Unknown column 'weddingID' in 'field list' in C:\xampp\htdocs\BlissfulBeginnings\core\Database.php:68
Stack trace:
#0 C:\xampp\htdocs\BlissfulBeginnings\core\Database.php(68): PDOStatement->execute()
#1 C:\xampp\htdocs\BlissfulBeginnings\models\User.php(30): Database->execute()
#2 C:\xampp\htdocs\BlissfulBeginnings\controllers\AuthController.php(45): User->createUser('123@abc.com', '$2y$10$cP.Lh7BY...')
#3 C:\xampp\htdocs\BlissfulBeginnings\core\Router.php(74): AuthController->register(Array)
#4 C:\xampp\htdocs\BlissfulBeginnings\index.php(37): Router->route('POST', '/register')
#5 {main}
  thrown in C:\xampp\htdocs\BlissfulBeginnings\core\Database.php on line 68
[15-Oct-2024 14:48:56 Asia/Kolkata] WeddingID: 813e11da8ad611ef98e7cc153136262a
[15-Oct-2024 14:48:56 Asia/Kolkata] string
[15-Oct-2024 14:48:56 Asia/Kolkata] boolean
[15-Oct-2024 14:50:23 Asia/Kolkata] WeddingID: b4b310bd8ad611ef98e7cc153136262a
[15-Oct-2024 14:50:23 Asia/Kolkata] boolean
[15-Oct-2024 14:57:31 Asia/Kolkata] WeddingID: b3c87da38ad711ef98e7cc153136262a
[15-Oct-2024 14:57:31 Asia/Kolkata] numrows: 1
[15-Oct-2024 14:58:42 Asia/Kolkata] WeddingID: de9b4dda8ad711ef98e7cc153136262a
[15-Oct-2024 14:58:42 Asia/Kolkata] numrows: 1
[15-Oct-2024 14:58:42 Asia/Kolkata] Registration Succsessfull
[15-Oct-2024 15:00:40 Asia/Kolkata] WeddingID: 246959658ad811ef98e7cc153136262a
[15-Oct-2024 15:00:40 Asia/Kolkata] numrows: 1
[15-Oct-2024 15:00:40 Asia/Kolkata] Registration Succsessfull: 0
[15-Oct-2024 15:19:52 Asia/Kolkata] WeddingID: d3532c6d8ada11ef98e7cc153136262a
[15-Oct-2024 15:19:52 Asia/Kolkata] numrows: 1
[15-Oct-2024 15:19:52 Asia/Kolkata] Create a user
[15-Oct-2024 15:19:52 Asia/Kolkata] {"message":"Registration successful"}
[15-Oct-2024 15:23:03 Asia/Kolkata] WeddingID: 4546f4198adb11ef98e7cc153136262a
[15-Oct-2024 15:23:03 Asia/Kolkata] string
[15-Oct-2024 15:23:03 Asia/Kolkata] WeddingID: 4547580a8adb11ef98e7cc153136262a
[15-Oct-2024 15:23:03 Asia/Kolkata] WeddingID: 454787908adb11ef98e7cc153136262a
[15-Oct-2024 15:23:03 Asia/Kolkata] Inserted a Wedding successfuly
[15-Oct-2024 15:23:03 Asia/Kolkata] PHP Warning:  Undefined array key "FETCH" in C:\xampp\htdocs\BlissfulBeginnings\core\helpers.php on line 28
[15-Oct-2024 15:23:03 Asia/Kolkata] PHP Warning:  foreach() argument must be of type array|object, null given in C:\xampp\htdocs\BlissfulBeginnings\core\helpers.php on line 31
[15-Oct-2024 20:08:32 Asia/Kolkata] WeddingID: 2cd85ee28b0311ef98e7cc153136262a
[15-Oct-2024 20:08:32 Asia/Kolkata] numrows: 1
[15-Oct-2024 20:08:32 Asia/Kolkata] Create a user
[15-Oct-2024 20:08:32 Asia/Kolkata] {"message":"Registration successful"}
[15-Oct-2024 20:09:06 Asia/Kolkata] WeddingID: 418493188b0311ef98e7cc153136262a
[15-Oct-2024 20:09:06 Asia/Kolkata] string
[15-Oct-2024 20:09:06 Asia/Kolkata] WeddingID: 4184eb478b0311ef98e7cc153136262a
[15-Oct-2024 20:09:06 Asia/Kolkata] WeddingID: 41850c1f8b0311ef98e7cc153136262a
[15-Oct-2024 20:09:06 Asia/Kolkata] Inserted a Wedding successfuly
[15-Oct-2024 20:09:07 Asia/Kolkata] PHP Warning:  Undefined array key "FETCH" in C:\xampp\htdocs\BlissfulBeginnings\core\helpers.php on line 28
[15-Oct-2024 20:09:07 Asia/Kolkata] PHP Warning:  foreach() argument must be of type array|object, null given in C:\xampp\htdocs\BlissfulBeginnings\core\helpers.php on line 31
[16-Oct-2024 11:26:38 Asia/Kolkata] PHP Warning:  require_once(.\views\Home.php): Failed to open stream: No such file or directory in C:\xampp\htdocs\BlissfulBeginnings\controllers\HomeController.php on line 5
[16-Oct-2024 11:26:38 Asia/Kolkata] PHP Fatal error:  Uncaught Error: Failed opening required '.\views\Home.php' (include_path='C:\xampp\php\PEAR') in C:\xampp\htdocs\BlissfulBeginnings\controllers\HomeController.php:5
Stack trace:
#0 C:\xampp\htdocs\BlissfulBeginnings\core\Router.php(74): HomeController->index(Array)
#1 C:\xampp\htdocs\BlissfulBeginnings\index.php(37): Router->route('GET', '/')
#2 {main}
  thrown in C:\xampp\htdocs\BlissfulBeginnings\controllers\HomeController.php on line 5
[16-Oct-2024 11:29:59 Asia/Kolkata] PHP Warning:  require_once(.\views\Home.php): Failed to open stream: No such file or directory in C:\xampp\htdocs\BlissfulBeginnings\controllers\HomeController.php on line 5
[16-Oct-2024 11:29:59 Asia/Kolkata] PHP Fatal error:  Uncaught Error: Failed opening required '.\views\Home.php' (include_path='C:\xampp\php\PEAR') in C:\xampp\htdocs\BlissfulBeginnings\controllers\HomeController.php:5
Stack trace:
#0 C:\xampp\htdocs\BlissfulBeginnings\core\Router.php(74): HomeController->index(Array)
#1 C:\xampp\htdocs\BlissfulBeginnings\index.php(37): Router->route('GET', '/')
#2 {main}
  thrown in C:\xampp\htdocs\BlissfulBeginnings\controllers\HomeController.php on line 5
[16-Oct-2024 11:30:39 Asia/Kolkata] PHP Warning:  require_once(.\views\Home.php): Failed to open stream: No such file or directory in C:\xampp\htdocs\BlissfulBeginnings\controllers\HomeController.php on line 5
[16-Oct-2024 11:30:39 Asia/Kolkata] PHP Fatal error:  Uncaught Error: Failed opening required '.\views\Home.php' (include_path='C:\xampp\php\PEAR') in C:\xampp\htdocs\BlissfulBeginnings\controllers\HomeController.php:5
Stack trace:
#0 C:\xampp\htdocs\BlissfulBeginnings\core\Router.php(74): HomeController->index(Array)
#1 C:\xampp\htdocs\BlissfulBeginnings\index.php(37): Router->route('GET', '/')
#2 {main}
  thrown in C:\xampp\htdocs\BlissfulBeginnings\controllers\HomeController.php on line 5
[16-Oct-2024 11:30:40 Asia/Kolkata] PHP Warning:  require_once(.\views\Home.php): Failed to open stream: No such file or directory in C:\xampp\htdocs\BlissfulBeginnings\controllers\HomeController.php on line 5
[16-Oct-2024 11:30:40 Asia/Kolkata] PHP Fatal error:  Uncaught Error: Failed opening required '.\views\Home.php' (include_path='C:\xampp\php\PEAR') in C:\xampp\htdocs\BlissfulBeginnings\controllers\HomeController.php:5
Stack trace:
#0 C:\xampp\htdocs\BlissfulBeginnings\core\Router.php(74): HomeController->index(Array)
#1 C:\xampp\htdocs\BlissfulBeginnings\index.php(37): Router->route('GET', '/')
#2 {main}
  thrown in C:\xampp\htdocs\BlissfulBeginnings\controllers\HomeController.php on line 5
[16-Oct-2024 11:30:41 Asia/Kolkata] PHP Warning:  require_once(.\views\Home.php): Failed to open stream: No such file or directory in C:\xampp\htdocs\BlissfulBeginnings\controllers\HomeController.php on line 5
[16-Oct-2024 11:30:41 Asia/Kolkata] PHP Fatal error:  Uncaught Error: Failed opening required '.\views\Home.php' (include_path='C:\xampp\php\PEAR') in C:\xampp\htdocs\BlissfulBeginnings\controllers\HomeController.php:5
Stack trace:
#0 C:\xampp\htdocs\BlissfulBeginnings\core\Router.php(74): HomeController->index(Array)
#1 C:\xampp\htdocs\BlissfulBeginnings\index.php(37): Router->route('GET', '/')
#2 {main}
  thrown in C:\xampp\htdocs\BlissfulBeginnings\controllers\HomeController.php on line 5
[16-Oct-2024 11:30:41 Asia/Kolkata] PHP Warning:  require_once(.\views\Home.php): Failed to open stream: No such file or directory in C:\xampp\htdocs\BlissfulBeginnings\controllers\HomeController.php on line 5
[16-Oct-2024 11:30:41 Asia/Kolkata] PHP Fatal error:  Uncaught Error: Failed opening required '.\views\Home.php' (include_path='C:\xampp\php\PEAR') in C:\xampp\htdocs\BlissfulBeginnings\controllers\HomeController.php:5
Stack trace:
#0 C:\xampp\htdocs\BlissfulBeginnings\core\Router.php(74): HomeController->index(Array)
#1 C:\xampp\htdocs\BlissfulBeginnings\index.php(37): Router->route('GET', '/')
#2 {main}
  thrown in C:\xampp\htdocs\BlissfulBeginnings\controllers\HomeController.php on line 5
[16-Oct-2024 11:30:41 Asia/Kolkata] PHP Warning:  require_once(.\views\Home.php): Failed to open stream: No such file or directory in C:\xampp\htdocs\BlissfulBeginnings\controllers\HomeController.php on line 5
[16-Oct-2024 11:30:41 Asia/Kolkata] PHP Fatal error:  Uncaught Error: Failed opening required '.\views\Home.php' (include_path='C:\xampp\php\PEAR') in C:\xampp\htdocs\BlissfulBeginnings\controllers\HomeController.php:5
Stack trace:
#0 C:\xampp\htdocs\BlissfulBeginnings\core\Router.php(74): HomeController->index(Array)
#1 C:\xampp\htdocs\BlissfulBeginnings\index.php(37): Router->route('GET', '/')
#2 {main}
  thrown in C:\xampp\htdocs\BlissfulBeginnings\controllers\HomeController.php on line 5
[16-Oct-2024 11:31:03 Asia/Kolkata] PHP Warning:  require_once(.\views\Home.php): Failed to open stream: No such file or directory in C:\xampp\htdocs\BlissfulBeginnings\controllers\HomeController.php on line 5
[16-Oct-2024 11:31:03 Asia/Kolkata] PHP Fatal error:  Uncaught Error: Failed opening required '.\views\Home.php' (include_path='C:\xampp\php\PEAR') in C:\xampp\htdocs\BlissfulBeginnings\controllers\HomeController.php:5
Stack trace:
#0 C:\xampp\htdocs\BlissfulBeginnings\core\Router.php(74): HomeController->index(Array)
#1 C:\xampp\htdocs\BlissfulBeginnings\index.php(37): Router->route('GET', '/')
#2 {main}
  thrown in C:\xampp\htdocs\BlissfulBeginnings\controllers\HomeController.php on line 5
[16-Oct-2024 11:31:08 Asia/Kolkata] PHP Warning:  require_once(.\views\Home.php): Failed to open stream: No such file or directory in C:\xampp\htdocs\BlissfulBeginnings\controllers\HomeController.php on line 5
[16-Oct-2024 11:31:08 Asia/Kolkata] PHP Fatal error:  Uncaught Error: Failed opening required '.\views\Home.php' (include_path='C:\xampp\php\PEAR') in C:\xampp\htdocs\BlissfulBeginnings\controllers\HomeController.php:5
Stack trace:
#0 C:\xampp\htdocs\BlissfulBeginnings\core\Router.php(74): HomeController->index(Array)
#1 C:\xampp\htdocs\BlissfulBeginnings\index.php(37): Router->route('GET', '/')
#2 {main}
  thrown in C:\xampp\htdocs\BlissfulBeginnings\controllers\HomeController.php on line 5
[16-Oct-2024 11:31:30 Asia/Kolkata] PHP Warning:  require_once(.\views\Home.php): Failed to open stream: No such file or directory in C:\xampp\htdocs\BlissfulBeginnings\controllers\HomeController.php on line 5
[16-Oct-2024 11:31:30 Asia/Kolkata] PHP Fatal error:  Uncaught Error: Failed opening required '.\views\Home.php' (include_path='C:\xampp\php\PEAR') in C:\xampp\htdocs\BlissfulBeginnings\controllers\HomeController.php:5
Stack trace:
#0 C:\xampp\htdocs\BlissfulBeginnings\core\Router.php(74): HomeController->index(Array)
#1 C:\xampp\htdocs\BlissfulBeginnings\index.php(37): Router->route('GET', '/')
#2 {main}
  thrown in C:\xampp\htdocs\BlissfulBeginnings\controllers\HomeController.php on line 5
[16-Oct-2024 11:32:04 Asia/Kolkata] PHP Warning:  require_once(.\views\Home.php): Failed to open stream: No such file or directory in C:\xampp\htdocs\BlissfulBeginnings\controllers\HomeController.php on line 5
[16-Oct-2024 11:32:04 Asia/Kolkata] PHP Fatal error:  Uncaught Error: Failed opening required '.\views\Home.php' (include_path='C:\xampp\php\PEAR') in C:\xampp\htdocs\BlissfulBeginnings\controllers\HomeController.php:5
Stack trace:
#0 C:\xampp\htdocs\BlissfulBeginnings\core\Router.php(74): HomeController->index(Array)
#1 C:\xampp\htdocs\BlissfulBeginnings\index.php(37): Router->route('GET', '/')
#2 {main}
  thrown in C:\xampp\htdocs\BlissfulBeginnings\controllers\HomeController.php on line 5
[16-Oct-2024 11:32:07 Asia/Kolkata] PHP Warning:  require_once(.\views\Home.php): Failed to open stream: No such file or directory in C:\xampp\htdocs\BlissfulBeginnings\controllers\HomeController.php on line 5
[16-Oct-2024 11:32:07 Asia/Kolkata] PHP Fatal error:  Uncaught Error: Failed opening required '.\views\Home.php' (include_path='C:\xampp\php\PEAR') in C:\xampp\htdocs\BlissfulBeginnings\controllers\HomeController.php:5
Stack trace:
#0 C:\xampp\htdocs\BlissfulBeginnings\core\Router.php(74): HomeController->index(Array)
#1 C:\xampp\htdocs\BlissfulBeginnings\index.php(37): Router->route('GET', '/')
#2 {main}
  thrown in C:\xampp\htdocs\BlissfulBeginnings\controllers\HomeController.php on line 5
[16-Oct-2024 11:33:34 Asia/Kolkata] PHP Warning:  require_once(.\views\Home.php): Failed to open stream: No such file or directory in C:\xampp\htdocs\BlissfulBeginnings\controllers\HomeController.php on line 5
[16-Oct-2024 11:33:34 Asia/Kolkata] PHP Fatal error:  Uncaught Error: Failed opening required '.\views\Home.php' (include_path='C:\xampp\php\PEAR') in C:\xampp\htdocs\BlissfulBeginnings\controllers\HomeController.php:5
Stack trace:
#0 C:\xampp\htdocs\BlissfulBeginnings\core\Router.php(74): HomeController->index(Array)
#1 C:\xampp\htdocs\BlissfulBeginnings\index.php(37): Router->route('GET', '/')
#2 {main}
  thrown in C:\xampp\htdocs\BlissfulBeginnings\controllers\HomeController.php on line 5
[16-Oct-2024 11:34:43 Asia/Kolkata] This gets executed
[16-Oct-2024 11:34:43 Asia/Kolkata] PHP Warning:  require_once(.\views\Home.php): Failed to open stream: No such file or directory in C:\xampp\htdocs\BlissfulBeginnings\controllers\HomeController.php on line 5
[16-Oct-2024 11:34:43 Asia/Kolkata] PHP Fatal error:  Uncaught Error: Failed opening required '.\views\Home.php' (include_path='C:\xampp\php\PEAR') in C:\xampp\htdocs\BlissfulBeginnings\controllers\HomeController.php:5
Stack trace:
#0 C:\xampp\htdocs\BlissfulBeginnings\core\Router.php(74): HomeController->index(Array)
#1 C:\xampp\htdocs\BlissfulBeginnings\index.php(37): Router->route('GET', '/')
#2 {main}
  thrown in C:\xampp\htdocs\BlissfulBeginnings\controllers\HomeController.php on line 5
[16-Oct-2024 11:34:43 Asia/Kolkata] This gets executed
[16-Oct-2024 17:14:02 Asia/Kolkata] /wedding/a6018d778b9f11ef98e7cc153136262a
[16-Oct-2024 17:14:02 Asia/Kolkata] /wedding/fetchData/a6018d778b9f11ef98e7cc153136262a
[16-Oct-2024 17:14:02 Asia/Kolkata] PHP Warning:  Undefined array key "FETCH" in C:\xampp\htdocs\BlissfulBeginnings\core\helpers.php on line 28
[16-Oct-2024 17:14:02 Asia/Kolkata] PHP Warning:  foreach() argument must be of type array|object, null given in C:\xampp\htdocs\BlissfulBeginnings\core\helpers.php on line 31
[16-Oct-2024 17:14:07 Asia/Kolkata] /wedding/a6018d778b9f11ef98e7cc153136262a
[16-Oct-2024 17:14:07 Asia/Kolkata] /wedding/fetchData/a6018d778b9f11ef98e7cc153136262a
[16-Oct-2024 17:14:07 Asia/Kolkata] PHP Warning:  Undefined array key "FETCH" in C:\xampp\htdocs\BlissfulBeginnings\core\helpers.php on line 28
[16-Oct-2024 17:14:07 Asia/Kolkata] PHP Warning:  foreach() argument must be of type array|object, null given in C:\xampp\htdocs\BlissfulBeginnings\core\helpers.php on line 31
[16-Oct-2024 17:14:07 Asia/Kolkata] /favicon.ico
[16-Oct-2024 17:14:20 Asia/Kolkata] /wedding/a6018d778b9f11ef98e7cc153136262a
[16-Oct-2024 17:14:20 Asia/Kolkata] /wedding/fetchData/a6018d778b9f11ef98e7cc153136262a
[16-Oct-2024 17:14:20 Asia/Kolkata] PHP Warning:  Undefined array key "FETCH" in C:\xampp\htdocs\BlissfulBeginnings\core\helpers.php on line 28
[16-Oct-2024 17:14:20 Asia/Kolkata] PHP Warning:  foreach() argument must be of type array|object, null given in C:\xampp\htdocs\BlissfulBeginnings\core\helpers.php on line 31
[16-Oct-2024 17:14:20 Asia/Kolkata] /favicon.ico
[16-Oct-2024 17:18:50 Asia/Kolkata] /wedding/a6018d778b9f11ef98e7cc153136262a
[16-Oct-2024 17:18:50 Asia/Kolkata] PHP Warning:  Array to string conversion in C:\xampp\htdocs\BlissfulBeginnings\core\helpers.php on line 25
[16-Oct-2024 17:18:50 Asia/Kolkata] /wedding/fetchData/a6018d778b9f11ef98e7cc153136262a
[16-Oct-2024 17:18:50 Asia/Kolkata] PHP Warning:  Array to string conversion in C:\xampp\htdocs\BlissfulBeginnings\core\helpers.php on line 25
[16-Oct-2024 17:18:50 Asia/Kolkata] PHP Warning:  Undefined array key "FETCH" in C:\xampp\htdocs\BlissfulBeginnings\core\helpers.php on line 29
[16-Oct-2024 17:18:50 Asia/Kolkata] PHP Warning:  foreach() argument must be of type array|object, null given in C:\xampp\htdocs\BlissfulBeginnings\core\helpers.php on line 32
[16-Oct-2024 17:18:50 Asia/Kolkata] /favicon.ico
[16-Oct-2024 17:18:50 Asia/Kolkata] PHP Warning:  Array to string conversion in C:\xampp\htdocs\BlissfulBeginnings\core\helpers.php on line 25
[16-Oct-2024 17:19:27 Asia/Kolkata] /wedding/a6018d778b9f11ef98e7cc153136262a
[16-Oct-2024 17:19:27 Asia/Kolkata] /wedding/fetchData/a6018d778b9f11ef98e7cc153136262a
[16-Oct-2024 17:19:27 Asia/Kolkata] PHP Warning:  Undefined array key "FETCH" in C:\xampp\htdocs\BlissfulBeginnings\core\helpers.php on line 29
[16-Oct-2024 17:19:27 Asia/Kolkata] PHP Warning:  foreach() argument must be of type array|object, null given in C:\xampp\htdocs\BlissfulBeginnings\core\helpers.php on line 32
[16-Oct-2024 17:20:03 Asia/Kolkata] /wedding/a6018d778b9f11ef98e7cc153136262a
[16-Oct-2024 17:20:03 Asia/Kolkata] /wedding/fetchData/a6018d778b9f11ef98e7cc153136262a
[16-Oct-2024 17:20:03 Asia/Kolkata] PHP Warning:  Undefined array key "FETCH" in C:\xampp\htdocs\BlissfulBeginnings\core\helpers.php on line 29
[16-Oct-2024 17:20:03 Asia/Kolkata] PHP Warning:  foreach() argument must be of type array|object, null given in C:\xampp\htdocs\BlissfulBeginnings\core\helpers.php on line 32
[16-Oct-2024 17:20:33 Asia/Kolkata] /wedding/a6018d778b9f11ef98e7cc153136262a
[16-Oct-2024 17:20:33 Asia/Kolkata] /wedding/fetchData/a6018d778b9f11ef98e7cc153136262a
[16-Oct-2024 17:20:33 Asia/Kolkata] PHP Warning:  Undefined array key "FETCH" in C:\xampp\htdocs\BlissfulBeginnings\core\helpers.php on line 29
[16-Oct-2024 17:20:33 Asia/Kolkata] PHP Warning:  foreach() argument must be of type array|object, null given in C:\xampp\htdocs\BlissfulBeginnings\core\helpers.php on line 32
[16-Oct-2024 17:22:11 Asia/Kolkata] /wedding/a6018d778b9f11ef98e7cc153136262a
[16-Oct-2024 17:22:12 Asia/Kolkata] /wedding/fetchData/a6018d778b9f11ef98e7cc153136262a
[16-Oct-2024 17:22:12 Asia/Kolkata] PHP Warning:  Undefined array key "FETCH" in C:\xampp\htdocs\BlissfulBeginnings\core\helpers.php on line 29
[16-Oct-2024 17:22:12 Asia/Kolkata] PHP Warning:  foreach() argument must be of type array|object, null given in C:\xampp\htdocs\BlissfulBeginnings\core\helpers.php on line 32
[16-Oct-2024 17:22:26 Asia/Kolkata] /wedding/fetchData/a6018d778b9f11ef98e7cc153136262a
[16-Oct-2024 17:22:37 Asia/Kolkata] /wedding/a6018d778b9f11ef98e7cc153136262a
[16-Oct-2024 17:22:37 Asia/Kolkata] /wedding/fetchData/a6018d778b9f11ef98e7cc153136262a
[16-Oct-2024 17:22:37 Asia/Kolkata] /favicon.ico
[16-Oct-2024 17:25:15 Asia/Kolkata] /wedding/a6018d778b9f11ef98e7cc153136262a
[16-Oct-2024 17:25:15 Asia/Kolkata] /wedding/fetchData/a6018d778b9f11ef98e7cc153136262a
[16-Oct-2024 17:26:45 Asia/Kolkata] /wedding/a6018d778b9f11ef98e7cc153136262a
[16-Oct-2024 17:26:46 Asia/Kolkata] /wedding/fetchData/a6018d778b9f11ef98e7cc153136262a
[16-Oct-2024 17:27:21 Asia/Kolkata] /wedding/a6018d778b9f11ef98e7cc153136262a
[16-Oct-2024 17:27:21 Asia/Kolkata] /wedding/fetchData/a6018d778b9f11ef98e7cc153136262a
[16-Oct-2024 17:27:35 Asia/Kolkata] /wedding/a6018d778b9f11ef98e7cc153136262a
[16-Oct-2024 17:27:35 Asia/Kolkata] /wedding/fetchData/a6018d778b9f11ef98e7cc153136262a
[16-Oct-2024 17:27:40 Asia/Kolkata] /wedding/a6018d778b9f11ef98e7cc153136262a
[16-Oct-2024 17:27:40 Asia/Kolkata] /wedding/fetchData/a6018d778b9f11ef98e7cc153136262a
[16-Oct-2024 17:29:05 Asia/Kolkata] /wedding/a6018d778b9f11ef98e7cc153136262a
[16-Oct-2024 17:29:05 Asia/Kolkata] /wedding/fetchData/a6018d778b9f11ef98e7cc153136262a
[16-Oct-2024 17:29:10 Asia/Kolkata] /wedding/a6018d778b9f11ef98e7cc153136262a
[16-Oct-2024 17:29:10 Asia/Kolkata] /wedding/fetchData/a6018d778b9f11ef98e7cc153136262a
[16-Oct-2024 17:32:53 Asia/Kolkata] /wedding/a6018d778b9f11ef98e7cc153136262a
[16-Oct-2024 17:32:53 Asia/Kolkata] /wedding/data/a6018d778b9f11ef98e7cc153136262a
[16-Oct-2024 17:32:53 Asia/Kolkata] PHP Warning:  Array to string conversion in C:\xampp\htdocs\BlissfulBeginnings\core\Database.php on line 63
[16-Oct-2024 17:32:53 Asia/Kolkata] /favicon.ico
[16-Oct-2024 17:59:32 Asia/Kolkata] /wedding/a6018d778b9f11ef98e7cc153136262a
[16-Oct-2024 17:59:32 Asia/Kolkata] /wedding/data/a6018d778b9f11ef98e7cc153136262a
[16-Oct-2024 17:59:32 Asia/Kolkata] PHP Warning:  Array to string conversion in C:\xampp\htdocs\BlissfulBeginnings\core\Database.php on line 63
[16-Oct-2024 18:00:35 Asia/Kolkata] /wedding/a6018d778b9f11ef98e7cc153136262a
[16-Oct-2024 18:00:35 Asia/Kolkata] /wedding/data/a6018d778b9f11ef98e7cc153136262a
[16-Oct-2024 18:00:35 Asia/Kolkata] PHP Warning:  Array to string conversion in C:\xampp\htdocs\BlissfulBeginnings\core\Database.php on line 63
[16-Oct-2024 18:01:39 Asia/Kolkata] /wedding/a6018d778b9f11ef98e7cc153136262a
[16-Oct-2024 18:01:39 Asia/Kolkata] /wedding/data/a6018d778b9f11ef98e7cc153136262a
[16-Oct-2024 18:01:39 Asia/Kolkata] PHP Warning:  Array to string conversion in C:\xampp\htdocs\BlissfulBeginnings\core\Database.php on line 63
[16-Oct-2024 18:02:13 Asia/Kolkata] /wedding/a6018d778b9f11ef98e7cc153136262a
[16-Oct-2024 18:02:13 Asia/Kolkata] /wedding/data/a6018d778b9f11ef98e7cc153136262a
[16-Oct-2024 18:02:13 Asia/Kolkata] PHP Warning:  Array to string conversion in C:\xampp\htdocs\BlissfulBeginnings\core\Database.php on line 63
[16-Oct-2024 18:02:34 Asia/Kolkata] /wedding/a6018d778b9f11ef98e7cc153136262a
[16-Oct-2024 18:02:35 Asia/Kolkata] /wedding/data/a6018d778b9f11ef98e7cc153136262a
[16-Oct-2024 18:02:35 Asia/Kolkata] PHP Warning:  Array to string conversion in C:\xampp\htdocs\BlissfulBeginnings\core\Database.php on line 63
[16-Oct-2024 18:02:51 Asia/Kolkata] /wedding/a6018d778b9f11ef98e7cc153136262a
[16-Oct-2024 18:02:51 Asia/Kolkata] /wedding/data/a6018d778b9f11ef98e7cc153136262a
[16-Oct-2024 18:02:51 Asia/Kolkata] PHP Warning:  Array to string conversion in C:\xampp\htdocs\BlissfulBeginnings\core\Database.php on line 63
[16-Oct-2024 18:02:51 Asia/Kolkata] /favicon.ico
[16-Oct-2024 18:03:00 Asia/Kolkata] /wedding/a6018d778b9f11ef98e7cc153136262a
[16-Oct-2024 18:03:00 Asia/Kolkata] /wedding/data/a6018d778b9f11ef98e7cc153136262a
[16-Oct-2024 18:03:00 Asia/Kolkata] PHP Warning:  Array to string conversion in C:\xampp\htdocs\BlissfulBeginnings\core\Database.php on line 63
[16-Oct-2024 18:03:12 Asia/Kolkata] /wedding/a6018d778b9f11ef98e7cc153136262a
[16-Oct-2024 18:03:12 Asia/Kolkata] /wedding/data/a6018d778b9f11ef98e7cc153136262a
[16-Oct-2024 18:03:12 Asia/Kolkata] PHP Warning:  Array to string conversion in C:\xampp\htdocs\BlissfulBeginnings\core\Database.php on line 63
[16-Oct-2024 18:03:30 Asia/Kolkata] /wedding/a6018d778b9f11ef98e7cc153136262a
[16-Oct-2024 18:03:30 Asia/Kolkata] /wedding/data/a6018d778b9f11ef98e7cc153136262a
[16-Oct-2024 18:03:30 Asia/Kolkata] PHP Warning:  Array to string conversion in C:\xampp\htdocs\BlissfulBeginnings\core\Database.php on line 63
[16-Oct-2024 18:03:45 Asia/Kolkata] /wedding/a6018d778b9f11ef98e7cc153136262a
[16-Oct-2024 18:03:45 Asia/Kolkata] /wedding/data/a6018d778b9f11ef98e7cc153136262a
[16-Oct-2024 18:03:45 Asia/Kolkata] PHP Warning:  Array to string conversion in C:\xampp\htdocs\BlissfulBeginnings\core\Database.php on line 63
[16-Oct-2024 18:04:27 Asia/Kolkata] /wedding/a6018d778b9f11ef98e7cc153136262a
[16-Oct-2024 18:04:28 Asia/Kolkata] /wedding/data/a6018d778b9f11ef98e7cc153136262a
[16-Oct-2024 18:04:28 Asia/Kolkata] PHP Warning:  Array to string conversion in C:\xampp\htdocs\BlissfulBeginnings\core\Database.php on line 63
[16-Oct-2024 18:04:28 Asia/Kolkata] /signin
[16-Oct-2024 18:04:57 Asia/Kolkata] /signin
[16-Oct-2024 18:05:06 Asia/Kolkata] /wedding-details
[16-Oct-2024 18:05:06 Asia/Kolkata] PHP Fatal error:  Uncaught ArgumentCountError: Too few arguments to function Authenticate(), 1 passed in C:\xampp\htdocs\BlissfulBeginnings\controllers\WeddingController.php on line 19 and exactly 2 expected in C:\xampp\htdocs\BlissfulBeginnings\core\helpers.php:63
Stack trace:
#0 C:\xampp\htdocs\BlissfulBeginnings\controllers\WeddingController.php(19): Authenticate('user')
#1 C:\xampp\htdocs\BlissfulBeginnings\core\Router.php(74): WeddingController->newWedding(Array)
#2 C:\xampp\htdocs\BlissfulBeginnings\views\blissfulbeginnings.local\index.php(36): Router->route('POST', '/wedding-detail...')
#3 {main}
  thrown in C:\xampp\htdocs\BlissfulBeginnings\core\helpers.php on line 63
[16-Oct-2024 18:06:22 Asia/Kolkata] /wedding-details
[16-Oct-2024 18:06:22 Asia/Kolkata] WeddingID: 53ca686b8bbb11ef98e7cc153136262a
[16-Oct-2024 18:06:22 Asia/Kolkata] string
[16-Oct-2024 18:06:22 Asia/Kolkata] WeddingID: 53cc5c028bbb11ef98e7cc153136262a
[16-Oct-2024 18:06:22 Asia/Kolkata] WeddingID: 53cc908c8bbb11ef98e7cc153136262a
[16-Oct-2024 18:06:22 Asia/Kolkata] Inserted a Wedding successfuly
[16-Oct-2024 18:06:22 Asia/Kolkata] /wedding/53ca686b8bbb11ef98e7cc153136262a
[16-Oct-2024 18:06:23 Asia/Kolkata] /wedding/data/53ca686b8bbb11ef98e7cc153136262a
[16-Oct-2024 18:06:23 Asia/Kolkata] PHP Warning:  Array to string conversion in C:\xampp\htdocs\BlissfulBeginnings\core\Database.php on line 63
[16-Oct-2024 18:06:23 Asia/Kolkata] /SigIn
[16-Oct-2024 18:45:53 Asia/Kolkata] /SigIn
[16-Oct-2024 18:46:01 Asia/Kolkata] /wedding-details
[16-Oct-2024 18:46:01 Asia/Kolkata] WeddingID: dd5fd28f8bc011ef98e7cc153136262a
[16-Oct-2024 18:46:01 Asia/Kolkata] string
[16-Oct-2024 18:46:01 Asia/Kolkata] WeddingID: dd6095fe8bc011ef98e7cc153136262a
[16-Oct-2024 18:46:01 Asia/Kolkata] WeddingID: dd6114ad8bc011ef98e7cc153136262a
[16-Oct-2024 18:46:01 Asia/Kolkata] Inserted a Wedding successfuly
[16-Oct-2024 18:46:01 Asia/Kolkata] /wedding/dd5fd28f8bc011ef98e7cc153136262a
[16-Oct-2024 18:46:01 Asia/Kolkata] /wedding/data/dd5fd28f8bc011ef98e7cc153136262a
[16-Oct-2024 18:46:01 Asia/Kolkata] PHP Warning:  Array to string conversion in C:\xampp\htdocs\BlissfulBeginnings\core\Database.php on line 68
[16-Oct-2024 18:46:01 Asia/Kolkata] /SignIn
[16-Oct-2024 18:46:01 Asia/Kolkata] /assets/css/CustomerSignIn.css
[16-Oct-2024 18:46:01 Asia/Kolkata] /assets/images/Logo.png
[16-Oct-2024 18:46:11 Asia/Kolkata] /wedding-details
[16-Oct-2024 18:46:11 Asia/Kolkata] WeddingID: e3aea6a98bc011ef98e7cc153136262a
[16-Oct-2024 18:46:11 Asia/Kolkata] string
[16-Oct-2024 18:46:11 Asia/Kolkata] WeddingID: e3afa78a8bc011ef98e7cc153136262a
[16-Oct-2024 18:46:11 Asia/Kolkata] WeddingID: e3afc1b28bc011ef98e7cc153136262a
[16-Oct-2024 18:46:11 Asia/Kolkata] Inserted a Wedding successfuly
[16-Oct-2024 18:46:11 Asia/Kolkata] /wedding/e3aea6a98bc011ef98e7cc153136262a
[16-Oct-2024 18:46:11 Asia/Kolkata] /wedding/data/e3aea6a98bc011ef98e7cc153136262a
[16-Oct-2024 18:46:11 Asia/Kolkata] PHP Warning:  Array to string conversion in C:\xampp\htdocs\BlissfulBeginnings\core\Database.php on line 68
[16-Oct-2024 18:46:11 Asia/Kolkata] /SignIn
[16-Oct-2024 18:46:11 Asia/Kolkata] /assets/css/CustomerSignIn.css
[16-Oct-2024 18:46:11 Asia/Kolkata] /assets/images/Logo.png
[16-Oct-2024 18:46:41 Asia/Kolkata] /SignIn
[16-Oct-2024 18:46:41 Asia/Kolkata] /assets/css/CustomerSignIn.css
[16-Oct-2024 18:46:41 Asia/Kolkata] /assets/images/Logo.png
[16-Oct-2024 18:46:45 Asia/Kolkata] /wedding-details
[16-Oct-2024 18:46:45 Asia/Kolkata] WeddingID: f781ef9f8bc011ef98e7cc153136262a
[16-Oct-2024 18:46:45 Asia/Kolkata] string
[16-Oct-2024 18:46:45 Asia/Kolkata] WeddingID: f782c8a58bc011ef98e7cc153136262a
[16-Oct-2024 18:46:45 Asia/Kolkata] WeddingID: f782e3718bc011ef98e7cc153136262a
[16-Oct-2024 18:46:45 Asia/Kolkata] Inserted a Wedding successfuly
[16-Oct-2024 18:46:45 Asia/Kolkata] /wedding/f781ef9f8bc011ef98e7cc153136262a
[16-Oct-2024 18:46:45 Asia/Kolkata] /wedding/data/f781ef9f8bc011ef98e7cc153136262a
[16-Oct-2024 18:46:45 Asia/Kolkata] PHP Warning:  Array to string conversion in C:\xampp\htdocs\BlissfulBeginnings\core\Database.php on line 68
[16-Oct-2024 18:46:45 Asia/Kolkata] /SignIn
[16-Oct-2024 18:46:45 Asia/Kolkata] /assets/css/CustomerSignIn.css
[16-Oct-2024 18:46:45 Asia/Kolkata] /assets/images/Logo.png
[16-Oct-2024 18:46:48 Asia/Kolkata] /SignIn
[16-Oct-2024 18:46:48 Asia/Kolkata] /assets/css/CustomerSignIn.css
[16-Oct-2024 18:46:48 Asia/Kolkata] /assets/images/Logo.png
[16-Oct-2024 18:46:51 Asia/Kolkata] /SignIn
[16-Oct-2024 18:46:51 Asia/Kolkata] /assets/css/CustomerSignIn.css
[16-Oct-2024 18:46:51 Asia/Kolkata] /assets/images/Logo.png
[16-Oct-2024 18:46:51 Asia/Kolkata] /favicon.ico
[16-Oct-2024 18:46:58 Asia/Kolkata] /wedding-details
[16-Oct-2024 18:46:58 Asia/Kolkata] WeddingID: ff8617e58bc011ef98e7cc153136262a
[16-Oct-2024 18:46:58 Asia/Kolkata] string
[16-Oct-2024 18:46:58 Asia/Kolkata] WeddingID: ff865b098bc011ef98e7cc153136262a
[16-Oct-2024 18:46:58 Asia/Kolkata] WeddingID: ff86b8f98bc011ef98e7cc153136262a
[16-Oct-2024 18:46:58 Asia/Kolkata] Inserted a Wedding successfuly
[16-Oct-2024 18:46:58 Asia/Kolkata] /wedding/ff8617e58bc011ef98e7cc153136262a
[16-Oct-2024 18:46:58 Asia/Kolkata] /wedding/data/ff8617e58bc011ef98e7cc153136262a
[16-Oct-2024 18:46:58 Asia/Kolkata] PHP Warning:  Array to string conversion in C:\xampp\htdocs\BlissfulBeginnings\core\Database.php on line 68
[16-Oct-2024 18:46:58 Asia/Kolkata] /SignIn
[16-Oct-2024 18:46:58 Asia/Kolkata] /assets/css/CustomerSignIn.css
[16-Oct-2024 18:46:58 Asia/Kolkata] /assets/images/Logo.png
[16-Oct-2024 18:47:21 Asia/Kolkata] /SignIn
[16-Oct-2024 18:47:21 Asia/Kolkata] /assets/css/CustomerSignIn.css
[16-Oct-2024 18:47:21 Asia/Kolkata] /assets/images/Logo.png
[16-Oct-2024 18:47:37 Asia/Kolkata] /register
[16-Oct-2024 18:47:57 Asia/Kolkata] /register
[16-Oct-2024 18:47:57 Asia/Kolkata] WeddingID: 22fae6628bc111ef98e7cc153136262a
[16-Oct-2024 18:47:57 Asia/Kolkata] numrows: 1
[16-Oct-2024 18:47:57 Asia/Kolkata] Create a user
[16-Oct-2024 18:47:57 Asia/Kolkata] {"message":"Registration successful"}
[16-Oct-2024 18:47:58 Asia/Kolkata] /wedding-details
[16-Oct-2024 18:47:58 Asia/Kolkata] PHP Warning:  require_once(./views/WeddingDetails.php): Failed to open stream: No such file or directory in C:\xampp\htdocs\BlissfulBeginnings\controllers\WeddingController.php on line 13
[16-Oct-2024 18:47:58 Asia/Kolkata] PHP Fatal error:  Uncaught Error: Failed opening required './views/WeddingDetails.php' (include_path='C:\xampp\php\PEAR') in C:\xampp\htdocs\BlissfulBeginnings\controllers\WeddingController.php:13
Stack trace:
#0 C:\xampp\htdocs\BlissfulBeginnings\core\Router.php(74): WeddingController->create(Array)
#1 C:\xampp\htdocs\BlissfulBeginnings\views\blissfulbeginnings.local\index.php(36): Router->route('GET', '/wedding-detail...')
#2 {main}
  thrown in C:\xampp\htdocs\BlissfulBeginnings\controllers\WeddingController.php on line 13
[16-Oct-2024 18:48:28 Asia/Kolkata] /wedding-details
[16-Oct-2024 18:48:58 Asia/Kolkata] /wedding-details
[16-Oct-2024 18:48:58 Asia/Kolkata] WeddingID: 47326db68bc111ef98e7cc153136262a
[16-Oct-2024 18:48:58 Asia/Kolkata] string
[16-Oct-2024 18:48:58 Asia/Kolkata] WeddingID: 47336db68bc111ef98e7cc153136262a
[16-Oct-2024 18:48:58 Asia/Kolkata] WeddingID: 473390048bc111ef98e7cc153136262a
[16-Oct-2024 18:48:58 Asia/Kolkata] Inserted a Wedding successfuly
[16-Oct-2024 18:48:58 Asia/Kolkata] /wedding/47326db68bc111ef98e7cc153136262a
[16-Oct-2024 18:48:58 Asia/Kolkata] /wedding/data/47326db68bc111ef98e7cc153136262a
[16-Oct-2024 18:48:58 Asia/Kolkata] PHP Warning:  Array to string conversion in C:\xampp\htdocs\BlissfulBeginnings\core\Database.php on line 68
[16-Oct-2024 18:48:58 Asia/Kolkata] /SignIn
[16-Oct-2024 18:48:58 Asia/Kolkata] /assets/css/CustomerSignIn.css
[16-Oct-2024 18:48:58 Asia/Kolkata] /assets/images/Logo.png
[16-Oct-2024 18:50:39 Asia/Kolkata] /SignIn
[16-Oct-2024 18:50:39 Asia/Kolkata] /assets/css/CustomerSignIn.css
[16-Oct-2024 18:50:39 Asia/Kolkata] /assets/images/Logo.png
[16-Oct-2024 18:50:39 Asia/Kolkata] /favicon.ico
[16-Oct-2024 18:50:49 Asia/Kolkata] /register
[16-Oct-2024 18:51:14 Asia/Kolkata] /register
[16-Oct-2024 18:51:14 Asia/Kolkata] WeddingID: 982db26b8bc111ef98e7cc153136262a
[16-Oct-2024 18:51:14 Asia/Kolkata] numrows: 1
[16-Oct-2024 18:51:14 Asia/Kolkata] Create a user
[16-Oct-2024 18:51:14 Asia/Kolkata] {"message":"Registration successful"}
[16-Oct-2024 18:51:15 Asia/Kolkata] /wedding-details
[16-Oct-2024 18:51:58 Asia/Kolkata] /wedding-details
[16-Oct-2024 18:51:58 Asia/Kolkata] WeddingID: b295dfe88bc111ef98e7cc153136262a
[16-Oct-2024 18:51:58 Asia/Kolkata] string
[16-Oct-2024 18:51:58 Asia/Kolkata] WeddingID: b2961a9c8bc111ef98e7cc153136262a
[16-Oct-2024 18:51:58 Asia/Kolkata] WeddingID: b2962caa8bc111ef98e7cc153136262a
[16-Oct-2024 18:51:58 Asia/Kolkata] Inserted a Wedding successfuly
[16-Oct-2024 18:51:58 Asia/Kolkata] /wedding/b295dfe88bc111ef98e7cc153136262a
[16-Oct-2024 18:51:59 Asia/Kolkata] /wedding/data/b295dfe88bc111ef98e7cc153136262a
[16-Oct-2024 18:51:59 Asia/Kolkata] PHP Warning:  Array to string conversion in C:\xampp\htdocs\BlissfulBeginnings\core\Database.php on line 68
[16-Oct-2024 18:57:06 Asia/Kolkata] /wedding/b295dfe88bc111ef98e7cc153136262a
[16-Oct-2024 18:57:06 Asia/Kolkata] /wedding/data/b295dfe88bc111ef98e7cc153136262a
[16-Oct-2024 18:57:06 Asia/Kolkata] PHP Fatal error:  Uncaught TypeError: hex2bin(): Argument #1 ($string) must be of type string, array given in C:\xampp\htdocs\BlissfulBeginnings\models\Wedding.php:19
Stack trace:
#0 C:\xampp\htdocs\BlissfulBeginnings\models\Wedding.php(19): hex2bin(Array)
#1 C:\xampp\htdocs\BlissfulBeginnings\controllers\CustomerController.php(15): Wedding->fetchDataCustomer(Array)
#2 C:\xampp\htdocs\BlissfulBeginnings\core\Router.php(74): CustomerController->fetchData(Array)
#3 C:\xampp\htdocs\BlissfulBeginnings\views\blissfulbeginnings.local\index.php(36): Router->route('GET', '/wedding/data/b...')
#4 {main}
  thrown in C:\xampp\htdocs\BlissfulBeginnings\models\Wedding.php on line 19
[16-Oct-2024 18:57:51 Asia/Kolkata] /wedding/b295dfe88bc111ef98e7cc153136262a
[16-Oct-2024 18:57:51 Asia/Kolkata] /wedding/data/b295dfe88bc111ef98e7cc153136262a
[16-Oct-2024 18:57:51 Asia/Kolkata] PHP Fatal error:  Uncaught TypeError: error_log(): Argument #1 ($message) must be of type string, array given in C:\xampp\htdocs\BlissfulBeginnings\models\Wedding.php:17
Stack trace:
#0 C:\xampp\htdocs\BlissfulBeginnings\models\Wedding.php(17): error_log(Array)
#1 C:\xampp\htdocs\BlissfulBeginnings\controllers\CustomerController.php(15): Wedding->fetchDataCustomer(Array)
#2 C:\xampp\htdocs\BlissfulBeginnings\core\Router.php(74): CustomerController->fetchData(Array)
#3 C:\xampp\htdocs\BlissfulBeginnings\views\blissfulbeginnings.local\index.php(36): Router->route('GET', '/wedding/data/b...')
#4 {main}
  thrown in C:\xampp\htdocs\BlissfulBeginnings\models\Wedding.php on line 17
[16-Oct-2024 19:00:23 Asia/Kolkata] /wedding/b295dfe88bc111ef98e7cc153136262a
[16-Oct-2024 19:00:23 Asia/Kolkata] /wedding/data/b295dfe88bc111ef98e7cc153136262a
[16-Oct-2024 19:00:23 Asia/Kolkata] PHP Fatal error:  Uncaught TypeError: error_log(): Argument #1 ($message) must be of type string, array given in C:\xampp\htdocs\BlissfulBeginnings\models\Wedding.php:17
Stack trace:
#0 C:\xampp\htdocs\BlissfulBeginnings\models\Wedding.php(17): error_log(Array)
#1 C:\xampp\htdocs\BlissfulBeginnings\controllers\CustomerController.php(15): Wedding->fetchDataCustomer(Array)
#2 C:\xampp\htdocs\BlissfulBeginnings\core\Router.php(74): CustomerController->fetchData(Array)
#3 C:\xampp\htdocs\BlissfulBeginnings\views\blissfulbeginnings.local\index.php(36): Router->route('GET', '/wedding/data/b...')
#4 {main}
  thrown in C:\xampp\htdocs\BlissfulBeginnings\models\Wedding.php on line 17
[16-Oct-2024 19:00:43 Asia/Kolkata] /wedding/b295dfe88bc111ef98e7cc153136262a
[16-Oct-2024 19:00:43 Asia/Kolkata] /wedding/data/b295dfe88bc111ef98e7cc153136262a
[16-Oct-2024 19:00:43 Asia/Kolkata] PHP Fatal error:  Uncaught TypeError: hex2bin(): Argument #1 ($string) must be of type string, array given in C:\xampp\htdocs\BlissfulBeginnings\models\Wedding.php:19
Stack trace:
#0 C:\xampp\htdocs\BlissfulBeginnings\models\Wedding.php(19): hex2bin(Array)
#1 C:\xampp\htdocs\BlissfulBeginnings\controllers\CustomerController.php(15): Wedding->fetchDataCustomer(Array)
#2 C:\xampp\htdocs\BlissfulBeginnings\core\Router.php(74): CustomerController->fetchData(Array)
#3 C:\xampp\htdocs\BlissfulBeginnings\views\blissfulbeginnings.local\index.php(36): Router->route('GET', '/wedding/data/b...')
#4 {main}
  thrown in C:\xampp\htdocs\BlissfulBeginnings\models\Wedding.php on line 19
[16-Oct-2024 19:01:32 Asia/Kolkata] /wedding/b295dfe88bc111ef98e7cc153136262a
[16-Oct-2024 19:01:32 Asia/Kolkata] /wedding/data/b295dfe88bc111ef98e7cc153136262a
[16-Oct-2024 19:02:53 Asia/Kolkata] /wedding/b295dfe88bc111ef98e7cc153136262a
[16-Oct-2024 19:02:53 Asia/Kolkata] /wedding/data/b295dfe88bc111ef98e7cc153136262a
[16-Oct-2024 19:03:37 Asia/Kolkata] /wedding/b295dfe88bc111ef98e7cc153136262a
[16-Oct-2024 19:03:37 Asia/Kolkata] /wedding/data/b295dfe88bc111ef98e7cc153136262a
[16-Oct-2024 19:04:39 Asia/Kolkata] /wedding/b295dfe88bc111ef98e7cc153136262a
[16-Oct-2024 19:04:39 Asia/Kolkata] /wedding/data/b295dfe88bc111ef98e7cc153136262a
[16-Oct-2024 19:04:39 Asia/Kolkata] PHP Fatal error:  Uncaught TypeError: error_log(): Argument #1 ($message) must be of type string, array given in C:\xampp\htdocs\BlissfulBeginnings\controllers\CustomerController.php:16
Stack trace:
#0 C:\xampp\htdocs\BlissfulBeginnings\controllers\CustomerController.php(16): error_log(Array)
#1 C:\xampp\htdocs\BlissfulBeginnings\core\Router.php(74): CustomerController->fetchData(Array)
#2 C:\xampp\htdocs\BlissfulBeginnings\views\blissfulbeginnings.local\index.php(36): Router->route('GET', '/wedding/data/b...')
#3 {main}
  thrown in C:\xampp\htdocs\BlissfulBeginnings\controllers\CustomerController.php on line 16
[16-Oct-2024 19:05:04 Asia/Kolkata] /wedding/b295dfe88bc111ef98e7cc153136262a
[16-Oct-2024 19:05:04 Asia/Kolkata] /wedding/data/b295dfe88bc111ef98e7cc153136262a
[16-Oct-2024 19:05:56 Asia/Kolkata] /wedding-details
[16-Oct-2024 20:46:56 Asia/Kolkata] /wedding/b295dfe88bc111ef98e7cc153136262a
[16-Oct-2024 20:46:56 Asia/Kolkata] /wedding/data/b295dfe88bc111ef98e7cc153136262a
[16-Oct-2024 20:49:11 Asia/Kolkata] /wedding/b295dfe88bc111ef98e7cc153136262a
[16-Oct-2024 20:49:11 Asia/Kolkata] /wedding/data/b295dfe88bc111ef98e7cc153136262a
[16-Oct-2024 20:49:11 Asia/Kolkata] 
[16-Oct-2024 20:51:39 Asia/Kolkata] /wedding/b295dfe88bc111ef98e7cc153136262a
[16-Oct-2024 20:51:39 Asia/Kolkata] /wedding/data/b295dfe88bc111ef98e7cc153136262a
[16-Oct-2024 20:51:39 Asia/Kolkata] 
[16-Oct-2024 20:54:27 Asia/Kolkata] /wedding/b295dfe88bc111ef98e7cc153136262a
[16-Oct-2024 20:54:27 Asia/Kolkata] /wedding/data/b295dfe88bc111ef98e7cc153136262a
[17-Oct-2024 09:38:23 Asia/Kolkata] /
[17-Oct-2024 09:40:03 Asia/Kolkata] /
